Dia/Hora execucio Quadre: 20151203_21:44:07
Proveidors, productes: 26
Cooperativista, Cooperativistes/Proveidors: 21
Dia/Hora execucio Quadre: 20151214_21:31:33
Proveidors, productes: 28
Cooperativista, Cooperativistes/Proveidors: 22
Dia/Hora execucio Quadre: 20151214_21:48:52
Proveidors, productes: 25
Cooperativista, Cooperativistes/Proveidors: 19
Dia/Hora execucio Quadre: 20151214_21:50:45
Proveidors, productes: 28
Cooperativista, Cooperativistes/Proveidors: 22
Dia/Hora execucio Quadre: 20151230_19:05:04
Proveidors, productes: 20
Cooperativista, Cooperativistes/Proveidors: 13
Dia/Hora execucio Quadre: 20151230_19:05:16
Proveidors, productes: 20
Cooperativista, Cooperativistes/Proveidors: 13
Dia/Hora execucio Quadre: 20151230_19:07:16
Proveidors, productes: 20
Cooperativista, Cooperativistes/Proveidors: 13
Dia/Hora execucio Quadre: 20151230_19:09:44
Proveidors, productes: 21
Cooperativista, Cooperativistes/Proveidors: 13
Dia/Hora execucio Quadre: 20151230_19:13:52
Proveidors, productes: 21
Cooperativista, Cooperativistes/Proveidors: 13
Dia/Hora execucio Quadre: 20160119__18:37:15
Proveidors, productes: 21
Cooperativista, Cooperativistes/Proveidors: 13
Dia/Hora execucio Quadre: 20160126__18:54:32
Proveidors, productes: 18
Cooperativista, Cooperativistes/Proveidors: 11
Dia/Hora execucio Quadre: 20160126__19:05:29
Proveidors, productes: 18
Cooperativista, Cooperativistes/Proveidors: 11
Dia/Hora execucio Quadre: 20160126__19:07:25
Proveidors, productes: 32
Cooperativista, Cooperativistes/Proveidors: 17
Dia/Hora execucio Quadre: 20160126__19:12:27
Proveidors, productes: 32
Cooperativista, Cooperativistes/Proveidors: 17
Dia/Hora execucio Quadre: 20160126__19:17:45
Proveidors, productes: 32
Cooperativista, Cooperativistes/Proveidors: 17
Dia/Hora execucio Quadre: 20160126__19:39:49
Proveidors, productes: 28
Cooperativista, Cooperativistes/Proveidors: 17
Dia/Hora execucio Quadre: 20160224__21:52:32
Proveidors, productes: 47
Cooperativista, Cooperativistes/Proveidors: 32
Dia/Hora execucio Quadre: 20160301__18:52:38
Proveidors, productes: 49
Cooperativista, Cooperativistes/Proveidors: 34
Dia/Hora execucio Quadre: 20160309__20:03:13
Proveidors, productes: 134
Cooperativista, Cooperativistes/Proveidors: 83
Dia/Hora execucio Quadre: 20160309__20:03:19
Proveidors, productes: 134
Cooperativista, Cooperativistes/Proveidors: 83
Dia/Hora execucio Quadre: 20160309__20:06:40
Proveidors, productes: 134
Cooperativista, Cooperativistes/Proveidors: 83
Dia/Hora execucio Quadre: 20160309__21:26:09
Proveidors, productes: 149
Cooperativista, Cooperativistes/Proveidors: 93
Dia/Hora execucio Quadre: 20160316__20:25:28
Proveidors, productes: 132
Cooperativista, Cooperativistes/Proveidors: 93
Dia/Hora execucio Quadre: 20160316__20:30:43
Proveidors, productes: 132
Cooperativista, Cooperativistes/Proveidors: 94
Dia/Hora execucio Quadre: 20160316__20:45:04
Proveidors, productes: 137
Cooperativista, Cooperativistes/Proveidors: 96
Dia/Hora execucio Quadre: 20160316__21:21:01
Proveidors, productes: 149
Cooperativista, Cooperativistes/Proveidors: 104
Dia/Hora execucio Quadre: 20160323__19:06:36
Proveidors, productes: 68
Cooperativista, Cooperativistes/Proveidors: 23
Dia/Hora execucio Quadre: 20160323__19:22:42
Proveidors, productes: 69
Cooperativista, Cooperativistes/Proveidors: 23
Dia/Hora execucio Quadre: 20160323__19:31:45
Proveidors, productes: 69
Cooperativista, Cooperativistes/Proveidors: 23
Dia/Hora execucio Quadre: 20160323__20:30:16
Proveidors, productes: 74
Cooperativista, Cooperativistes/Proveidors: 23
Dia/Hora execucio Quadre: 20160323__20:48:11
Proveidors, productes: 80
Cooperativista, Cooperativistes/Proveidors: 27
Dia/Hora execucio Quadre: 20160330__19:32:31
Proveidors, productes: 94
Cooperativista, Cooperativistes/Proveidors: 35
Dia/Hora execucio Quadre: 20160330__19:50:05
Proveidors, productes: 96
Cooperativista, Cooperativistes/Proveidors: 36
Dia/Hora execucio Quadre: 20160330__20:55:57
Proveidors, productes: 109
Cooperativista, Cooperativistes/Proveidors: 43
Dia/Hora execucio Quadre: 20160406__19:57:22
Proveidors, productes: 139
Cooperativista, Cooperativistes/Proveidors: 75
Dia/Hora execucio Quadre: 20160406__20:04:02
Proveidors, productes: 138
Cooperativista, Cooperativistes/Proveidors: 75
Dia/Hora execucio Quadre: 20160406__20:52:11
Proveidors, productes: 160
Cooperativista, Cooperativistes/Proveidors: 85
Dia/Hora execucio Quadre: 20160406__21:07:16
Proveidors, productes: 160
Cooperativista, Cooperativistes/Proveidors: 86
Dia/Hora execucio Quadre: 20160413__20:04:30
Proveidors, productes: 121
Cooperativista, Cooperativistes/Proveidors: 59
Dia/Hora execucio Quadre: 20160413__20:44:57
Proveidors, productes: 127
Cooperativista, Cooperativistes/Proveidors: 64
Dia/Hora execucio Quadre: 20160413__20:44:58
Proveidors, productes: 127
Cooperativista, Cooperativistes/Proveidors: 64
Dia/Hora execucio Quadre: 20160413__21:08:42
Proveidors, productes: 130
Cooperativista, Cooperativistes/Proveidors: 66
Dia/Hora execucio Quadre: 20160413__21:08:42
Proveidors, productes: 130
Cooperativista, Cooperativistes/Proveidors: 66
Dia/Hora execucio Quadre: 20160413__21:11:58
Proveidors, productes: 132
Cooperativista, Cooperativistes/Proveidors: 67
Dia/Hora execucio Quadre: 20160413__21:11:58
Proveidors, productes: 132
Cooperativista, Cooperativistes/Proveidors: 67
Dia/Hora execucio Quadre: 20160420__20:16:19
Proveidors, productes: 138
Cooperativista, Cooperativistes/Proveidors: 62
Dia/Hora execucio Quadre: 20160420__20:23:24
Proveidors, productes: 138
Cooperativista, Cooperativistes/Proveidors: 62
Dia/Hora execucio Quadre: 20160420__21:16:02
Proveidors, productes: 141
Cooperativista, Cooperativistes/Proveidors: 68
Dia/Hora execucio Quadre: 20160427__20:04:01
Proveidors, productes: 143
Cooperativista, Cooperativistes/Proveidors: 86
Dia/Hora execucio Quadre: 20160427__21:18:16
Proveidors, productes: 171
Cooperativista, Cooperativistes/Proveidors: 101
Dia/Hora execucio Quadre: 20160504__20:15:26
Proveidors, productes: 100
Cooperativista, Cooperativistes/Proveidors: 61
Dia/Hora execucio Quadre: 20160504__21:01:42
Proveidors, productes: 106
Cooperativista, Cooperativistes/Proveidors: 70
Dia/Hora execucio Quadre: 20160504__21:20:31
Proveidors, productes: 109
Cooperativista, Cooperativistes/Proveidors: 74
Dia/Hora execucio Quadre: 20160504__21:29:44
Proveidors, productes: 109
Cooperativista, Cooperativistes/Proveidors: 76
Dia/Hora execucio Quadre: 20160504__21:32:34
Proveidors, productes: 109
Cooperativista, Cooperativistes/Proveidors: 76
Dia/Hora execucio Quadre: 20160511__20:04:28
Proveidors, productes: 149
Cooperativista, Cooperativistes/Proveidors: 66
Dia/Hora execucio Quadre: 20160511__20:04:28
Proveidors, productes: 149
Cooperativista, Cooperativistes/Proveidors: 66
Dia/Hora execucio Quadre: 20160511__21:16:59
Proveidors, productes: 165
Cooperativista, Cooperativistes/Proveidors: 80
Dia/Hora execucio Quadre: 20160511__21:16:59
Proveidors, productes: 165
Cooperativista, Cooperativistes/Proveidors: 80
Dia/Hora execucio Quadre: 20160518__20:21:05
Proveidors, productes: 136
Cooperativista, Cooperativistes/Proveidors: 68
Dia/Hora execucio Quadre: 20160518__21:19:09
Proveidors, productes: 159
Cooperativista, Cooperativistes/Proveidors: 78
Dia/Hora execucio Quadre: 20160525__20:08:04
Proveidors, productes: 155
Cooperativista, Cooperativistes/Proveidors: 84
Dia/Hora execucio Quadre: 20160525__20:16:02
Proveidors, productes: 155
Cooperativista, Cooperativistes/Proveidors: 84
Dia/Hora execucio Quadre: 20160525__21:02:23
Proveidors, productes: 167
Cooperativista, Cooperativistes/Proveidors: 94
Dia/Hora execucio Quadre: 20160601__20:11:22
Proveidors, productes: 153
Cooperativista, Cooperativistes/Proveidors: 80
Dia/Hora execucio Quadre: 20160601__20:11:22
Proveidors, productes: 153
Cooperativista, Cooperativistes/Proveidors: 80
Dia/Hora execucio Quadre: 20160601__21:07:53
Proveidors, productes: 176
Cooperativista, Cooperativistes/Proveidors: 92
Dia/Hora execucio Quadre: 20160601__21:07:53
Proveidors, productes: 176
Cooperativista, Cooperativistes/Proveidors: 92
Dia/Hora execucio Quadre: 20160608__19:51:28
Proveidors, productes: 144
Cooperativista, Cooperativistes/Proveidors: 65
Dia/Hora execucio Quadre: 20160608__19:51:28
Proveidors, productes: 144
Cooperativista, Cooperativistes/Proveidors: 65
Dia/Hora execucio Quadre: 20160608__19:58:54
Proveidors, productes: 145
Cooperativista, Cooperativistes/Proveidors: 65
Dia/Hora execucio Quadre: 20160608__19:58:54
Proveidors, productes: 145
Cooperativista, Cooperativistes/Proveidors: 65
Dia/Hora execucio Quadre: 20160608__21:13:54
No hi ha informacio per al quadre
No hi ha informacio per al quadre
Dia/Hora execucio Quadre: 20160608__21:35:18
No hi ha informacio per al quadre
No hi ha informacio per al quadre
Dia/Hora execucio Quadre: 20160608__21:35:18
No hi ha informacio per al quadre
No hi ha informacio per al quadre
Dia/Hora execucio Quadre: 20160608__21:36:32
No hi ha informacio per al quadre
No hi ha informacio per al quadre
Dia/Hora execucio Quadre: 20160608__21:41:37
No hi ha informacio per al quadre
No hi ha informacio per al quadre
Dia/Hora execucio Quadre: 20160608__21:43:18
No hi ha informacio per al quadre
No hi ha informacio per al quadre
Dia/Hora execucio Quadre: 20160608__21:44:08
No hi ha informacio per al quadre
No hi ha informacio per al quadre
Dia/Hora execucio Quadre: 20160608__21:44:26
No hi ha informacio per al quadre
No hi ha informacio per al quadre
Dia/Hora execucio Quadre: 20160608__21:45:01
No hi ha informacio per al quadre
No hi ha informacio per al quadre
Dia/Hora execucio Quadre: 20160608__21:45:01
No hi ha informacio per al quadre
No hi ha informacio per al quadre
Dia/Hora execucio Quadre: 20160608__21:45:38
No hi ha informacio per al quadre
No hi ha informacio per al quadre
Dia/Hora execucio Quadre: 20160608__21:45:38
No hi ha informacio per al quadre
No hi ha informacio per al quadre
Dia/Hora execucio Quadre: 20160608__21:47:31
No hi ha informacio per al quadre
No hi ha informacio per al quadre
Dia/Hora execucio Quadre: 20160608__21:47:31
No hi ha informacio per al quadre
No hi ha informacio per al quadre
Dia/Hora execucio Quadre: 20160615__20:08:53
Proveidors, productes: 147
Cooperativista, Cooperativistes/Proveidors: 53
Dia/Hora execucio Quadre: 20160615__20:23:37
Proveidors, productes: 147
Cooperativista, Cooperativistes/Proveidors: 53
Dia/Hora execucio Quadre: 20160615__21:25:50
Proveidors, productes: 158
Cooperativista, Cooperativistes/Proveidors: 59
Dia/Hora execucio Quadre: 20160622__21:01:02
Proveidors, productes: 153
Cooperativista, Cooperativistes/Proveidors: 78
Dia/Hora execucio Quadre: 20160629__20:26:05
Proveidors, productes: 128
Cooperativista, Cooperativistes/Proveidors: 65
Dia/Hora execucio Quadre: 20160629__21:20:39
No hi ha informacio per al quadre
No hi ha informacio per al quadre
Dia/Hora execucio Quadre: 20160629__21:22:23
No hi ha informacio per al quadre
No hi ha informacio per al quadre
Dia/Hora execucio Quadre: 20160629__21:22:37
No hi ha informacio per al quadre
No hi ha informacio per al quadre
Dia/Hora execucio Quadre: 20160629__21:23:01
No hi ha informacio per al quadre
No hi ha informacio per al quadre
Dia/Hora execucio Quadre: 20160629__21:25:50
No hi ha informacio per al quadre
No hi ha informacio per al quadre
Dia/Hora execucio Quadre: 20160629__21:27:13
No hi ha informacio per al quadre
No hi ha informacio per al quadre
Dia/Hora execucio Quadre: 20160629__21:27:23
No hi ha informacio per al quadre
No hi ha informacio per al quadre
Dia/Hora execucio Quadre: 20160629__21:27:27
No hi ha informacio per al quadre
No hi ha informacio per al quadre
Dia/Hora execucio Quadre: 20160629__21:28:10
No hi ha informacio per al quadre
No hi ha informacio per al quadre
Dia/Hora execucio Quadre: 20160629__21:28:14
No hi ha informacio per al quadre
No hi ha informacio per al quadre
Dia/Hora execucio Quadre: 20160629__21:28:15
No hi ha informacio per al quadre
No hi ha informacio per al quadre
Dia/Hora execucio Quadre: 20160629__21:41:13
Proveidors, productes: 168
Cooperativista, Cooperativistes/Proveidors: 97
Dia/Hora execucio Quadre: 20160706__21:06:44
Proveidors, productes: 125
Cooperativista, Cooperativistes/Proveidors: 58
Dia/Hora execucio Quadre: 20160706__21:06:44
Proveidors, productes: 125
Cooperativista, Cooperativistes/Proveidors: 58
Dia/Hora execucio Quadre: 20160713__18:47:23
Proveidors, productes: 98
Cooperativista, Cooperativistes/Proveidors: 34
Dia/Hora execucio Quadre: 20160713__21:15:26
Proveidors, productes: 107
Cooperativista, Cooperativistes/Proveidors: 52
Dia/Hora execucio Quadre: 20160720__20:58:42
Proveidors, productes: 112
Cooperativista, Cooperativistes/Proveidors: 58
Dia/Hora execucio Quadre: 20160727__20:59:52
Proveidors, productes: 48
Cooperativista, Cooperativistes/Proveidors: 23
Dia/Hora execucio Quadre: 20160907__20:20:02
Proveidors, productes: 136
Cooperativista, Cooperativistes/Proveidors: 54
Dia/Hora execucio Quadre: 20160907__20:20:03
Proveidors, productes: 136
Cooperativista, Cooperativistes/Proveidors: 54
Dia/Hora execucio Quadre: 20160907__20:23:13
Proveidors, productes: 136
Cooperativista, Cooperativistes/Proveidors: 55
Dia/Hora execucio Quadre: 20160907__20:23:13
Proveidors, productes: 136
Cooperativista, Cooperativistes/Proveidors: 55
Dia/Hora execucio Quadre: 20160907__20:26:11
Proveidors, productes: 136
Cooperativista, Cooperativistes/Proveidors: 55
Dia/Hora execucio Quadre: 20160907__20:26:12
Proveidors, productes: 136
Cooperativista, Cooperativistes/Proveidors: 55
Dia/Hora execucio Quadre: 20160907__21:13:48
Proveidors, productes: 149
Cooperativista, Cooperativistes/Proveidors: 61
Dia/Hora execucio Quadre: 20160914__19:47:46
Proveidors, productes: 128
Cooperativista, Cooperativistes/Proveidors: 54
Dia/Hora execucio Quadre: 20160921__21:04:19
Proveidors, productes: 118
Cooperativista, Cooperativistes/Proveidors: 56
Dia/Hora execucio Quadre: 20160928__21:02:07
Proveidors, productes: 148
Cooperativista, Cooperativistes/Proveidors: 85
Dia/Hora execucio Quadre: 20160928__21:10:38
Proveidors, productes: 151
Cooperativista, Cooperativistes/Proveidors: 87
Dia/Hora execucio Quadre: 20161005__20:02:25
Proveidors, productes: 145
Cooperativista, Cooperativistes/Proveidors: 59
Dia/Hora execucio Quadre: 20161005__20:02:25
Proveidors, productes: 145
Cooperativista, Cooperativistes/Proveidors: 59
Dia/Hora execucio Quadre: 20161005__21:04:55
Proveidors, productes: 167
Cooperativista, Cooperativistes/Proveidors: 72
Dia/Hora execucio Quadre: 20161005__21:04:55
Proveidors, productes: 167
Cooperativista, Cooperativistes/Proveidors: 72
Dia/Hora execucio Quadre: 20161013__18:59:23
Proveidors, productes: 97
Cooperativista, Cooperativistes/Proveidors: 33
Dia/Hora execucio Quadre: 20161013__18:59:23
Proveidors, productes: 97
Cooperativista, Cooperativistes/Proveidors: 33
Dia/Hora execucio Quadre: 20161013__19:07:52
Proveidors, productes: 97
Cooperativista, Cooperativistes/Proveidors: 33
Dia/Hora execucio Quadre: 20161013__20:48:53
Proveidors, productes: 111
Cooperativista, Cooperativistes/Proveidors: 42
Dia/Hora execucio Quadre: 20161013__20:48:53
Proveidors, productes: 111
Cooperativista, Cooperativistes/Proveidors: 42
Dia/Hora execucio Quadre: 20161019__19:52:20
Proveidors, productes: 108
Cooperativista, Cooperativistes/Proveidors: 51
Dia/Hora execucio Quadre: 20161019__21:04:28
Proveidors, productes: 125
Cooperativista, Cooperativistes/Proveidors: 61
Dia/Hora execucio Quadre: 20161026__20:58:55
Proveidors, productes: 153
Cooperativista, Cooperativistes/Proveidors: 84
Dia/Hora execucio Quadre: 20161102__20:05:59
Proveidors, productes: 145
Cooperativista, Cooperativistes/Proveidors: 59
Dia/Hora execucio Quadre: 20161102__20:10:01
Proveidors, productes: 145
Cooperativista, Cooperativistes/Proveidors: 59
Dia/Hora execucio Quadre: 20161102__21:11:13
Proveidors, productes: 154
Cooperativista, Cooperativistes/Proveidors: 69
Dia/Hora execucio Quadre: 20161109__20:08:36
Proveidors, productes: 158
Cooperativista, Cooperativistes/Proveidors: 76
Dia/Hora execucio Quadre: 20161109__20:08:37
Proveidors, productes: 158
Cooperativista, Cooperativistes/Proveidors: 76
Dia/Hora execucio Quadre: 20161109__20:20:56
Proveidors, productes: 160
Cooperativista, Cooperativistes/Proveidors: 77
Dia/Hora execucio Quadre: 20161109__20:20:56
Proveidors, productes: 160
Cooperativista, Cooperativistes/Proveidors: 77
Dia/Hora execucio Quadre: 20161109__21:12:19
Proveidors, productes: 177
Cooperativista, Cooperativistes/Proveidors: 92
Dia/Hora execucio Quadre: 20161109__21:12:19
Proveidors, productes: 177
Cooperativista, Cooperativistes/Proveidors: 92
Dia/Hora execucio Quadre: 20161116__19:16:01
Proveidors, productes: 130
Cooperativista, Cooperativistes/Proveidors: 57
Dia/Hora execucio Quadre: 20161116__21:06:05
Proveidors, productes: 145
Cooperativista, Cooperativistes/Proveidors: 66
Dia/Hora execucio Quadre: 20161123__21:05:45
Proveidors, productes: 166
Cooperativista, Cooperativistes/Proveidors: 80
Dia/Hora execucio Quadre: 20161130__20:28:48
Proveidors, productes: 132
Cooperativista, Cooperativistes/Proveidors: 67
Dia/Hora execucio Quadre: 20161130__20:36:06
Proveidors, productes: 132
Cooperativista, Cooperativistes/Proveidors: 67
Dia/Hora execucio Quadre: 20161130__21:18:19
Proveidors, productes: 148
Cooperativista, Cooperativistes/Proveidors: 78
Dia/Hora execucio Quadre: 20161207__21:08:58
Proveidors, productes: 97
Cooperativista, Cooperativistes/Proveidors: 38
Dia/Hora execucio Quadre: 20161207__21:08:59
Proveidors, productes: 97
Cooperativista, Cooperativistes/Proveidors: 38
Dia/Hora execucio Quadre: 20161214__19:58:57
Proveidors, productes: 167
Cooperativista, Cooperativistes/Proveidors: 72
Dia/Hora execucio Quadre: 20161214__21:33:53
Proveidors, productes: 178
Cooperativista, Cooperativistes/Proveidors: 79
Dia/Hora execucio Quadre: 20161221__20:24:46
Proveidors, productes: 131
Cooperativista, Cooperativistes/Proveidors: 85
Dia/Hora execucio Quadre: 20161221__20:51:36
Proveidors, productes: 143
Cooperativista, Cooperativistes/Proveidors: 93
Dia/Hora execucio Quadre: 20161221__21:19:48
Proveidors, productes: 145
Cooperativista, Cooperativistes/Proveidors: 95
Dia/Hora execucio Quadre: 20161221__21:21:06
Proveidors, productes: 145
Cooperativista, Cooperativistes/Proveidors: 96
Dia/Hora execucio Quadre: 20170102__19:20:56
Proveidors, productes: 51
Cooperativista, Cooperativistes/Proveidors: 19
Dia/Hora execucio Quadre: 20170103__21:53:11
Proveidors, productes: 50
Cooperativista, Cooperativistes/Proveidors: 18
Dia/Hora execucio Quadre: 20170118__20:03:49
Proveidors, productes: 137
Cooperativista, Cooperativistes/Proveidors: 73
Dia/Hora execucio Quadre: 20170118__20:11:41
Proveidors, productes: 137
Cooperativista, Cooperativistes/Proveidors: 73
Dia/Hora execucio Quadre: 20170118__21:01:59
Proveidors, productes: 173
Cooperativista, Cooperativistes/Proveidors: 85
Dia/Hora execucio Quadre: 20170125__20:07:57
Proveidors, productes: 155
Cooperativista, Cooperativistes/Proveidors: 86
Dia/Hora execucio Quadre: 20170125__20:14:56
Proveidors, productes: 155
Cooperativista, Cooperativistes/Proveidors: 86
Dia/Hora execucio Quadre: 20170125__20:47:14
Proveidors, productes: 161
Cooperativista, Cooperativistes/Proveidors: 93
Dia/Hora execucio Quadre: 20170125__21:07:24
Proveidors, productes: 162
Cooperativista, Cooperativistes/Proveidors: 92
Dia/Hora execucio Quadre: 20170201__21:29:46
Proveidors, productes: 150
Cooperativista, Cooperativistes/Proveidors: 75
Dia/Hora execucio Quadre: 20170208__20:52:05
Proveidors, productes: 155
Cooperativista, Cooperativistes/Proveidors: 63
Dia/Hora execucio Quadre: 20170208__21:11:38
Proveidors, productes: 156
Cooperativista, Cooperativistes/Proveidors: 64
Dia/Hora execucio Quadre: 20170215__19:32:09
Proveidors, productes: 110
Cooperativista, Cooperativistes/Proveidors: 57
Dia/Hora execucio Quadre: 20170215__19:43:58
Proveidors, productes: 111
Cooperativista, Cooperativistes/Proveidors: 56
Dia/Hora execucio Quadre: 20170215__19:55:34
Proveidors, productes: 111
Cooperativista, Cooperativistes/Proveidors: 56
Dia/Hora execucio Quadre: 20170215__19:58:57
Proveidors, productes: 111
Cooperativista, Cooperativistes/Proveidors: 56
Dia/Hora execucio Quadre: 20170215__20:01:07
Proveidors, productes: 111
Cooperativista, Cooperativistes/Proveidors: 56
Dia/Hora execucio Quadre: 20170215__21:02:16
Proveidors, productes: 129
Cooperativista, Cooperativistes/Proveidors: 66
Dia/Hora execucio Quadre: 20170222__18:48:10
Proveidors, productes: 135
Cooperativista, Cooperativistes/Proveidors: 55
Dia/Hora execucio Quadre: 20170222__18:50:38
Proveidors, productes: 135
Cooperativista, Cooperativistes/Proveidors: 55
Dia/Hora execucio Quadre: 20170222__19:16:44
Proveidors, productes: 134
Cooperativista, Cooperativistes/Proveidors: 55
Dia/Hora execucio Quadre: 20170222__19:28:31
Proveidors, productes: 133
Cooperativista, Cooperativistes/Proveidors: 55
Dia/Hora execucio Quadre: 20170222__19:30:36
Proveidors, productes: 133
Cooperativista, Cooperativistes/Proveidors: 55
Dia/Hora execucio Quadre: 20170222__19:33:43
Proveidors, productes: 133
Cooperativista, Cooperativistes/Proveidors: 55
Dia/Hora execucio Quadre: 20170222__21:01:00
Proveidors, productes: 149
Cooperativista, Cooperativistes/Proveidors: 68
Dia/Hora execucio Quadre: 20170301__20:01:11
Proveidors, productes: 105
Cooperativista, Cooperativistes/Proveidors: 42
Dia/Hora execucio Quadre: 20170301__20:42:07
Proveidors, productes: 109
Cooperativista, Cooperativistes/Proveidors: 45
Dia/Hora execucio Quadre: 20170301__21:05:03
Proveidors, productes: 112
Cooperativista, Cooperativistes/Proveidors: 49
Dia/Hora execucio Quadre: 20170308__21:02:30
Proveidors, productes: 142
Cooperativista, Cooperativistes/Proveidors: 74
