Dia execucio Tancament comandes: 20151230_19:14:40

Tancament de comandes
Comanda numero: 17 tancada amb estatus5
Comanda numero: 18 tancada amb estatus5
Comanda numero: 19 tancada amb estatus5
Dia execucio Tancament comandes: 20160126_18:19:27

Tancament de comandes
Comanda numero: 17 tancada amb estatus5
Comanda numero: 18 tancada amb estatus5
Comanda numero: 19 tancada amb estatus5
Dia execucio Tancament comandes: 20160126_19:41:51

Tancament de comandes
Comanda numero: 21 tancada amb estatus5
Comanda numero: 22 tancada amb estatus5
Comanda numero: 20 tancada amb estatus8
Dia execucio Tancament comandes: 20160310_23:58:54

Tancament de comandes
Comanda numero: 36 tancada amb estatus5
Comanda numero: 37 tancada amb estatus5
Comanda numero: 38 tancada amb estatus5
Comanda numero: 39 tancada amb estatus5
Comanda numero: 40 tancada amb estatus5
Comanda numero: 41 tancada amb estatus5
Comanda numero: 42 tancada amb estatus5
Comanda numero: 43 tancada amb estatus5
Comanda numero: 44 tancada amb estatus5
Comanda numero: 45 tancada amb estatus5
Comanda numero: 46 tancada amb estatus5
Comanda numero: 47 tancada amb estatus5
Comanda numero: 48 tancada amb estatus5
Comanda numero: 49 tancada amb estatus5
Comanda numero: 50 tancada amb estatus5
Comanda numero: 51 tancada amb estatus5
Comanda numero: 52 tancada amb estatus5
Comanda numero: 53 tancada amb estatus5
Comanda numero: 54 tancada amb estatus5
Dia execucio Tancament comandes: 20160317_08:33:35

Tancament de comandes
Comanda numero: 55 tancada amb estatus5
Comanda numero: 56 tancada amb estatus5
Comanda numero: 57 tancada amb estatus5
Comanda numero: 58 tancada amb estatus5
Comanda numero: 59 tancada amb estatus5
Comanda numero: 60 tancada amb estatus5
Comanda numero: 61 tancada amb estatus5
Comanda numero: 62 tancada amb estatus5
Comanda numero: 64 tancada amb estatus5
Comanda numero: 65 tancada amb estatus5
Comanda numero: 66 tancada amb estatus5
Comanda numero: 67 tancada amb estatus5
Comanda numero: 68 tancada amb estatus5
Comanda numero: 69 tancada amb estatus5
Comanda numero: 70 tancada amb estatus5
Comanda numero: 71 tancada amb estatus5
Comanda numero: 72 tancada amb estatus5
Comanda numero: 73 tancada amb estatus5
Comanda numero: 74 tancada amb estatus5
Comanda numero: 75 tancada amb estatus5
Comanda numero: 76 tancada amb estatus5
Dia execucio Tancament comandes: 20160324_08:37:11

Tancament de comandes
Comanda numero: 77 tancada amb estatus5
Comanda numero: 78 tancada amb estatus5
Comanda numero: 79 tancada amb estatus5
Comanda numero: 80 tancada amb estatus5
Comanda numero: 81 tancada amb estatus5
Comanda numero: 84 tancada amb estatus5
Dia execucio Tancament comandes: 20160331_09:19:12

Tancament de comandes
Comanda numero: 82 tancada amb estatus5
Comanda numero: 83 tancada amb estatus5
Comanda numero: 85 tancada amb estatus5
Comanda numero: 86 tancada amb estatus5
Comanda numero: 87 tancada amb estatus5
Comanda numero: 88 tancada amb estatus5
Comanda numero: 89 tancada amb estatus5
Comanda numero: 90 tancada amb estatus5
Comanda numero: 91 tancada amb estatus5
Comanda numero: 92 tancada amb estatus5
Comanda numero: 93 tancada amb estatus5
Dia execucio Tancament comandes: 20160407_09:50:24

Tancament de comandes
Comanda numero: 94 tancada amb estatus5
Comanda numero: 95 tancada amb estatus5
Comanda numero: 96 tancada amb estatus5
Comanda numero: 97 tancada amb estatus5
Comanda numero: 98 tancada amb estatus5
Comanda numero: 99 tancada amb estatus5
Comanda numero: 100 tancada amb estatus5
Comanda numero: 101 tancada amb estatus5
Comanda numero: 102 tancada amb estatus5
Comanda numero: 103 tancada amb estatus5
Comanda numero: 104 tancada amb estatus5
Comanda numero: 105 tancada amb estatus5
Comanda numero: 106 tancada amb estatus5
Comanda numero: 107 tancada amb estatus5
Comanda numero: 108 tancada amb estatus5
Comanda numero: 109 tancada amb estatus5
Comanda numero: 110 tancada amb estatus5
Dia execucio Tancament comandes: 20160414_09:44:55

Tancament de comandes
Comanda numero: 111 tancada amb estatus5
Comanda numero: 112 tancada amb estatus5
Comanda numero: 113 tancada amb estatus5
Comanda numero: 114 tancada amb estatus5
Comanda numero: 116 tancada amb estatus5
Comanda numero: 117 tancada amb estatus5
Comanda numero: 118 tancada amb estatus5
Comanda numero: 119 tancada amb estatus5
Comanda numero: 120 tancada amb estatus5
Comanda numero: 121 tancada amb estatus5
Comanda numero: 122 tancada amb estatus5
Comanda numero: 123 tancada amb estatus5
Comanda numero: 124 tancada amb estatus5
Comanda numero: 125 tancada amb estatus5
Comanda numero: 126 tancada amb estatus5
Comanda numero: 127 tancada amb estatus5
Comanda numero: 115 tancada amb estatus8
Dia execucio Tancament comandes: 20160421_09:46:31

Tancament de comandes
Comanda numero: 128 tancada amb estatus5
Comanda numero: 129 tancada amb estatus5
Comanda numero: 130 tancada amb estatus5
Comanda numero: 131 tancada amb estatus5
Comanda numero: 132 tancada amb estatus5
Comanda numero: 133 tancada amb estatus5
Comanda numero: 135 tancada amb estatus5
Comanda numero: 136 tancada amb estatus5
Comanda numero: 137 tancada amb estatus5
Comanda numero: 138 tancada amb estatus5
Comanda numero: 139 tancada amb estatus5
Comanda numero: 141 tancada amb estatus5
Comanda numero: 142 tancada amb estatus5
Dia execucio Tancament comandes: 20160428_09:31:45

Tancament de comandes
Comanda numero: 116 tancada amb estatus5
Comanda numero: 118 tancada amb estatus5
Comanda numero: 143 tancada amb estatus5
Comanda numero: 144 tancada amb estatus5
Comanda numero: 145 tancada amb estatus5
Comanda numero: 146 tancada amb estatus5
Comanda numero: 147 tancada amb estatus5
Comanda numero: 148 tancada amb estatus5
Comanda numero: 149 tancada amb estatus5
Comanda numero: 150 tancada amb estatus5
Comanda numero: 151 tancada amb estatus5
Comanda numero: 152 tancada amb estatus5
Comanda numero: 153 tancada amb estatus5
Comanda numero: 154 tancada amb estatus5
Comanda numero: 155 tancada amb estatus5
Comanda numero: 156 tancada amb estatus5
Comanda numero: 157 tancada amb estatus5
Comanda numero: 158 tancada amb estatus5
Comanda numero: 159 tancada amb estatus5
Comanda numero: 160 tancada amb estatus5
Comanda numero: 161 tancada amb estatus5
Comanda numero: 162 tancada amb estatus5
Comanda numero: 163 tancada amb estatus5
Comanda numero: 164 tancada amb estatus5
Comanda numero: 165 tancada amb estatus5
Dia execucio Tancament comandes: 20160505_09:44:45

Tancament de comandes
Comanda numero: 166 tancada amb estatus5
Comanda numero: 168 tancada amb estatus5
Comanda numero: 169 tancada amb estatus5
Comanda numero: 170 tancada amb estatus5
Comanda numero: 171 tancada amb estatus5
Comanda numero: 172 tancada amb estatus5
Comanda numero: 173 tancada amb estatus5
Comanda numero: 174 tancada amb estatus5
Comanda numero: 175 tancada amb estatus5
Comanda numero: 176 tancada amb estatus5
Comanda numero: 177 tancada amb estatus5
Comanda numero: 180 tancada amb estatus5
Comanda numero: 182 tancada amb estatus5
Comanda numero: 183 tancada amb estatus5
Comanda numero: 184 tancada amb estatus5
Comanda numero: 185 tancada amb estatus5
Comanda numero: 186 tancada amb estatus5
Dia execucio Tancament comandes: 20160512_09:46:33

Tancament de comandes
Comanda numero: 178 tancada amb estatus5
Comanda numero: 179 tancada amb estatus5
Comanda numero: 187 tancada amb estatus5
Comanda numero: 188 tancada amb estatus5
Comanda numero: 189 tancada amb estatus5
Comanda numero: 190 tancada amb estatus5
Comanda numero: 191 tancada amb estatus5
Comanda numero: 192 tancada amb estatus5
Comanda numero: 193 tancada amb estatus5
Comanda numero: 194 tancada amb estatus5
Comanda numero: 195 tancada amb estatus5
Comanda numero: 196 tancada amb estatus5
Comanda numero: 197 tancada amb estatus5
Comanda numero: 198 tancada amb estatus5
Comanda numero: 199 tancada amb estatus5
Comanda numero: 200 tancada amb estatus5
Comanda numero: 201 tancada amb estatus5
Comanda numero: 202 tancada amb estatus5
Comanda numero: 203 tancada amb estatus5
Dia execucio Tancament comandes: 20160519_09:29:48

Tancament de comandes
Comanda numero: 204 tancada amb estatus5
Comanda numero: 205 tancada amb estatus5
Comanda numero: 206 tancada amb estatus5
Comanda numero: 207 tancada amb estatus5
Comanda numero: 208 tancada amb estatus5
Comanda numero: 209 tancada amb estatus5
Comanda numero: 210 tancada amb estatus5
Comanda numero: 211 tancada amb estatus5
Comanda numero: 212 tancada amb estatus5
Comanda numero: 213 tancada amb estatus5
Comanda numero: 214 tancada amb estatus5
Comanda numero: 215 tancada amb estatus5
Comanda numero: 216 tancada amb estatus5
Comanda numero: 217 tancada amb estatus5
Comanda numero: 218 tancada amb estatus5
Comanda numero: 219 tancada amb estatus5
Dia execucio Tancament comandes: 20160526_09:26:58

Tancament de comandes
Comanda numero: 220 tancada amb estatus5
Comanda numero: 221 tancada amb estatus5
Comanda numero: 222 tancada amb estatus5
Comanda numero: 223 tancada amb estatus5
Comanda numero: 224 tancada amb estatus5
Comanda numero: 225 tancada amb estatus5
Comanda numero: 226 tancada amb estatus5
Comanda numero: 227 tancada amb estatus5
Comanda numero: 228 tancada amb estatus5
Comanda numero: 229 tancada amb estatus5
Comanda numero: 230 tancada amb estatus5
Comanda numero: 231 tancada amb estatus5
Comanda numero: 232 tancada amb estatus5
Comanda numero: 233 tancada amb estatus5
Comanda numero: 234 tancada amb estatus5
Comanda numero: 235 tancada amb estatus5
Comanda numero: 236 tancada amb estatus5
Comanda numero: 237 tancada amb estatus5
Dia execucio Tancament comandes: 20160602_09:32:58

Tancament de comandes
Comanda numero: 238 tancada amb estatus5
Comanda numero: 239 tancada amb estatus5
Comanda numero: 240 tancada amb estatus5
Comanda numero: 241 tancada amb estatus5
Comanda numero: 242 tancada amb estatus5
Comanda numero: 243 tancada amb estatus5
Comanda numero: 244 tancada amb estatus5
Comanda numero: 245 tancada amb estatus5
Comanda numero: 246 tancada amb estatus5
Comanda numero: 247 tancada amb estatus5
Comanda numero: 248 tancada amb estatus5
Comanda numero: 249 tancada amb estatus5
Comanda numero: 250 tancada amb estatus5
Comanda numero: 251 tancada amb estatus5
Comanda numero: 252 tancada amb estatus5
Comanda numero: 253 tancada amb estatus5
Comanda numero: 254 tancada amb estatus5
Comanda numero: 255 tancada amb estatus5
Comanda numero: 256 tancada amb estatus5
Comanda numero: 257 tancada amb estatus5
Dia execucio Tancament comandes: 20160609_09:29:02

No hi ha comandes a tancar: 0 results
Dia execucio Tancament comandes: 20160616_09:32:32

Tancament de comandes
Comanda numero: 276 tancada amb estatus5
Comanda numero: 277 tancada amb estatus5
Comanda numero: 278 tancada amb estatus5
Comanda numero: 279 tancada amb estatus5
Comanda numero: 280 tancada amb estatus5
Comanda numero: 281 tancada amb estatus5
Comanda numero: 282 tancada amb estatus5
Comanda numero: 283 tancada amb estatus5
Comanda numero: 284 tancada amb estatus5
Comanda numero: 285 tancada amb estatus5
Comanda numero: 286 tancada amb estatus5
Comanda numero: 287 tancada amb estatus5
Comanda numero: 288 tancada amb estatus5
Dia execucio Tancament comandes: 20160623_09:47:28

Tancament de comandes
Comanda numero: 289 tancada amb estatus5
Comanda numero: 290 tancada amb estatus5
Comanda numero: 291 tancada amb estatus5
Comanda numero: 292 tancada amb estatus5
Comanda numero: 293 tancada amb estatus5
Comanda numero: 294 tancada amb estatus5
Comanda numero: 295 tancada amb estatus5
Comanda numero: 296 tancada amb estatus5
Comanda numero: 297 tancada amb estatus5
Comanda numero: 298 tancada amb estatus5
Comanda numero: 299 tancada amb estatus5
Comanda numero: 300 tancada amb estatus5
Comanda numero: 304 tancada amb estatus5
Comanda numero: 305 tancada amb estatus5
Comanda numero: 306 tancada amb estatus5
Comanda numero: 307 tancada amb estatus5
Dia execucio Tancament comandes: 20160630_09:28:59

Tancament de comandes
Comanda numero: 301 tancada amb estatus5
Comanda numero: 302 tancada amb estatus5
Comanda numero: 303 tancada amb estatus5
Comanda numero: 304 tancada amb estatus5
Comanda numero: 305 tancada amb estatus5
Comanda numero: 306 tancada amb estatus5
Comanda numero: 307 tancada amb estatus5
Comanda numero: 308 tancada amb estatus5
Comanda numero: 309 tancada amb estatus5
Comanda numero: 310 tancada amb estatus5
Comanda numero: 311 tancada amb estatus5
Comanda numero: 312 tancada amb estatus5
Comanda numero: 313 tancada amb estatus5
Comanda numero: 314 tancada amb estatus5
Comanda numero: 315 tancada amb estatus5
Comanda numero: 316 tancada amb estatus5
Comanda numero: 317 tancada amb estatus5
Comanda numero: 318 tancada amb estatus5
Comanda numero: 319 tancada amb estatus5
Comanda numero: 320 tancada amb estatus5
Comanda numero: 321 tancada amb estatus5
Comanda numero: 323 tancada amb estatus5
Comanda numero: 324 tancada amb estatus5
Dia execucio Tancament comandes: 20160707_09:47:11

Tancament de comandes
Comanda numero: 325 tancada amb estatus5
Comanda numero: 326 tancada amb estatus5
Comanda numero: 327 tancada amb estatus5
Comanda numero: 328 tancada amb estatus5
Comanda numero: 329 tancada amb estatus5
Comanda numero: 330 tancada amb estatus5
Comanda numero: 331 tancada amb estatus5
Comanda numero: 332 tancada amb estatus5
Comanda numero: 333 tancada amb estatus5
Comanda numero: 334 tancada amb estatus5
Comanda numero: 336 tancada amb estatus5
Comanda numero: 337 tancada amb estatus5
Comanda numero: 338 tancada amb estatus5
Comanda numero: 339 tancada amb estatus5
Dia execucio Tancament comandes: 20160714_09:11:24

Tancament de comandes
Comanda numero: 340 tancada amb estatus5
Comanda numero: 341 tancada amb estatus5
Comanda numero: 342 tancada amb estatus5
Comanda numero: 343 tancada amb estatus5
Comanda numero: 344 tancada amb estatus5
Comanda numero: 345 tancada amb estatus5
Comanda numero: 346 tancada amb estatus5
Comanda numero: 347 tancada amb estatus5
Comanda numero: 349 tancada amb estatus5
Comanda numero: 350 tancada amb estatus5
Comanda numero: 351 tancada amb estatus5
Comanda numero: 352 tancada amb estatus5
Comanda numero: 353 tancada amb estatus5
Comanda numero: 354 tancada amb estatus5
Comanda numero: 335 tancada amb estatus8
Dia execucio Tancament comandes: 20160721_09:14:28

Tancament de comandes
Comanda numero: 348 tancada amb estatus5
Comanda numero: 354 tancada amb estatus5
Comanda numero: 355 tancada amb estatus5
Comanda numero: 356 tancada amb estatus5
Comanda numero: 357 tancada amb estatus5
Comanda numero: 358 tancada amb estatus5
Comanda numero: 359 tancada amb estatus5
Comanda numero: 360 tancada amb estatus5
Comanda numero: 361 tancada amb estatus5
Comanda numero: 362 tancada amb estatus5
Comanda numero: 363 tancada amb estatus5
Comanda numero: 364 tancada amb estatus5
Comanda numero: 365 tancada amb estatus5
Dia execucio Tancament comandes: 20160728_09:16:46

Tancament de comandes
Comanda numero: 366 tancada amb estatus5
Comanda numero: 367 tancada amb estatus5
Comanda numero: 368 tancada amb estatus5
Comanda numero: 369 tancada amb estatus5
Comanda numero: 370 tancada amb estatus5
Comanda numero: 371 tancada amb estatus5
Comanda numero: 372 tancada amb estatus5
Comanda numero: 373 tancada amb estatus8
Dia execucio Tancament comandes: 20160804_09:47:20

No hi ha comandes a tancar: 0 results
Dia execucio Tancament comandes: 20160811_09:51:21

No hi ha comandes a tancar: 0 results
Dia execucio Tancament comandes: 20160818_09:34:04

No hi ha comandes a tancar: 0 results
Dia execucio Tancament comandes: 20160825_09:53:51

No hi ha comandes a tancar: 0 results
Dia execucio Tancament comandes: 20160901_09:12:01

No hi ha comandes a tancar: 0 results
Dia execucio Tancament comandes: 20160908_09:53:47

Tancament de comandes
Comanda numero: 374 tancada amb estatus5
Comanda numero: 375 tancada amb estatus5
Comanda numero: 377 tancada amb estatus5
Comanda numero: 378 tancada amb estatus5
Comanda numero: 379 tancada amb estatus5
Comanda numero: 380 tancada amb estatus5
Comanda numero: 381 tancada amb estatus5
Comanda numero: 382 tancada amb estatus5
Comanda numero: 383 tancada amb estatus5
Comanda numero: 384 tancada amb estatus5
Comanda numero: 385 tancada amb estatus5
Comanda numero: 386 tancada amb estatus5
Comanda numero: 388 tancada amb estatus5
Comanda numero: 376 tancada amb estatus8
Dia execucio Tancament comandes: 20160915_09:17:50

Tancament de comandes
Comanda numero: 376 tancada amb estatus5
Comanda numero: 387 tancada amb estatus5
Comanda numero: 389 tancada amb estatus5
Comanda numero: 390 tancada amb estatus5
Comanda numero: 391 tancada amb estatus5
Comanda numero: 392 tancada amb estatus5
Comanda numero: 393 tancada amb estatus5
Comanda numero: 394 tancada amb estatus5
Comanda numero: 395 tancada amb estatus5
Comanda numero: 396 tancada amb estatus5
Comanda numero: 397 tancada amb estatus5
Comanda numero: 398 tancada amb estatus5
Comanda numero: 399 tancada amb estatus5
Comanda numero: 400 tancada amb estatus5
Dia execucio Tancament comandes: 20160922_09:16:57

Tancament de comandes
Comanda numero: 401 tancada amb estatus5
Comanda numero: 402 tancada amb estatus5
Comanda numero: 403 tancada amb estatus5
Comanda numero: 404 tancada amb estatus5
Comanda numero: 405 tancada amb estatus5
Comanda numero: 406 tancada amb estatus5
Comanda numero: 407 tancada amb estatus5
Comanda numero: 408 tancada amb estatus5
Comanda numero: 409 tancada amb estatus5
Comanda numero: 410 tancada amb estatus5
Comanda numero: 411 tancada amb estatus5
Comanda numero: 412 tancada amb estatus5
Comanda numero: 413 tancada amb estatus5
Comanda numero: 414 tancada amb estatus5
Comanda numero: 415 tancada amb estatus5
Dia execucio Tancament comandes: 20160929_09:17:19

Tancament de comandes
Comanda numero: 416 tancada amb estatus5
Comanda numero: 417 tancada amb estatus5
Comanda numero: 418 tancada amb estatus5
Comanda numero: 419 tancada amb estatus5
Comanda numero: 420 tancada amb estatus5
Comanda numero: 421 tancada amb estatus5
Comanda numero: 422 tancada amb estatus5
Comanda numero: 423 tancada amb estatus5
Comanda numero: 424 tancada amb estatus5
Comanda numero: 425 tancada amb estatus5
Comanda numero: 426 tancada amb estatus5
Comanda numero: 427 tancada amb estatus5
Comanda numero: 428 tancada amb estatus5
Comanda numero: 429 tancada amb estatus5
Comanda numero: 430 tancada amb estatus5
Comanda numero: 431 tancada amb estatus5
Comanda numero: 432 tancada amb estatus5
Comanda numero: 433 tancada amb estatus5
Comanda numero: 434 tancada amb estatus5
Dia execucio Tancament comandes: 20161006_09:38:34

Tancament de comandes
Comanda numero: 435 tancada amb estatus5
Comanda numero: 436 tancada amb estatus5
Comanda numero: 437 tancada amb estatus5
Comanda numero: 438 tancada amb estatus5
Comanda numero: 439 tancada amb estatus5
Comanda numero: 440 tancada amb estatus5
Comanda numero: 441 tancada amb estatus5
Comanda numero: 442 tancada amb estatus5
Comanda numero: 443 tancada amb estatus5
Comanda numero: 444 tancada amb estatus5
Comanda numero: 445 tancada amb estatus5
Comanda numero: 446 tancada amb estatus5
Comanda numero: 447 tancada amb estatus5
Comanda numero: 448 tancada amb estatus5
Comanda numero: 449 tancada amb estatus5
Comanda numero: 450 tancada amb estatus5
Dia execucio Tancament comandes: 20161014_09:08:49

Tancament de comandes
Comanda numero: 451 tancada amb estatus5
Comanda numero: 452 tancada amb estatus5
Comanda numero: 453 tancada amb estatus5
Comanda numero: 454 tancada amb estatus5
Comanda numero: 455 tancada amb estatus5
Comanda numero: 456 tancada amb estatus5
Comanda numero: 457 tancada amb estatus5
Comanda numero: 458 tancada amb estatus5
Comanda numero: 459 tancada amb estatus5
Comanda numero: 460 tancada amb estatus5
Comanda numero: 461 tancada amb estatus5
Dia execucio Tancament comandes: 20161020_09:31:52

Tancament de comandes
Comanda numero: 462 tancada amb estatus5
Comanda numero: 463 tancada amb estatus5
Comanda numero: 464 tancada amb estatus5
Comanda numero: 465 tancada amb estatus5
Comanda numero: 466 tancada amb estatus5
Comanda numero: 467 tancada amb estatus5
Comanda numero: 468 tancada amb estatus5
Comanda numero: 469 tancada amb estatus5
Comanda numero: 470 tancada amb estatus5
Comanda numero: 471 tancada amb estatus5
Comanda numero: 472 tancada amb estatus5
Comanda numero: 473 tancada amb estatus5
Comanda numero: 474 tancada amb estatus5
Comanda numero: 475 tancada amb estatus5
Dia execucio Tancament comandes: 20161027_09:49:40

Tancament de comandes
Comanda numero: 476 tancada amb estatus5
Comanda numero: 477 tancada amb estatus5
Comanda numero: 478 tancada amb estatus5
Comanda numero: 479 tancada amb estatus5
Comanda numero: 480 tancada amb estatus5
Comanda numero: 481 tancada amb estatus5
Comanda numero: 482 tancada amb estatus5
Comanda numero: 483 tancada amb estatus5
Comanda numero: 484 tancada amb estatus5
Comanda numero: 485 tancada amb estatus5
Comanda numero: 486 tancada amb estatus5
Comanda numero: 487 tancada amb estatus5
Comanda numero: 488 tancada amb estatus5
Comanda numero: 489 tancada amb estatus5
Comanda numero: 490 tancada amb estatus5
Comanda numero: 491 tancada amb estatus5
Dia execucio Tancament comandes: 20161103_08:36:37

Tancament de comandes
Comanda numero: 492 tancada amb estatus5
Comanda numero: 493 tancada amb estatus5
Comanda numero: 494 tancada amb estatus5
Comanda numero: 495 tancada amb estatus5
Comanda numero: 496 tancada amb estatus5
Comanda numero: 497 tancada amb estatus5
Comanda numero: 498 tancada amb estatus5
Comanda numero: 499 tancada amb estatus5
Comanda numero: 500 tancada amb estatus5
Comanda numero: 501 tancada amb estatus5
Comanda numero: 502 tancada amb estatus5
Comanda numero: 503 tancada amb estatus5
Comanda numero: 504 tancada amb estatus5
Comanda numero: 505 tancada amb estatus5
Comanda numero: 507 tancada amb estatus5
Dia execucio Tancament comandes: 20161110_10:16:08

Tancament de comandes
Comanda numero: 508 tancada amb estatus5
Comanda numero: 509 tancada amb estatus5
Comanda numero: 510 tancada amb estatus5
Comanda numero: 511 tancada amb estatus5
Comanda numero: 512 tancada amb estatus5
Comanda numero: 513 tancada amb estatus5
Comanda numero: 514 tancada amb estatus5
Comanda numero: 515 tancada amb estatus5
Comanda numero: 516 tancada amb estatus5
Comanda numero: 517 tancada amb estatus5
Comanda numero: 518 tancada amb estatus5
Comanda numero: 519 tancada amb estatus5
Comanda numero: 520 tancada amb estatus5
Comanda numero: 521 tancada amb estatus5
Comanda numero: 522 tancada amb estatus5
Comanda numero: 523 tancada amb estatus5
Comanda numero: 524 tancada amb estatus5
Comanda numero: 525 tancada amb estatus5
Comanda numero: 526 tancada amb estatus5
Comanda numero: 527 tancada amb estatus5
Comanda numero: 528 tancada amb estatus5
Comanda numero: 529 tancada amb estatus5
Dia execucio Tancament comandes: 20161117_09:43:42

Tancament de comandes
Comanda numero: 530 tancada amb estatus5
Comanda numero: 531 tancada amb estatus5
Comanda numero: 532 tancada amb estatus5
Comanda numero: 533 tancada amb estatus5
Comanda numero: 534 tancada amb estatus5
Comanda numero: 536 tancada amb estatus5
Comanda numero: 537 tancada amb estatus5
Comanda numero: 538 tancada amb estatus5
Comanda numero: 539 tancada amb estatus5
Comanda numero: 540 tancada amb estatus5
Comanda numero: 541 tancada amb estatus5
Comanda numero: 542 tancada amb estatus5
Comanda numero: 543 tancada amb estatus5
Comanda numero: 545 tancada amb estatus5
Dia execucio Tancament comandes: 20161124_09:40:35

Tancament de comandes
Comanda numero: 544 tancada amb estatus5
Comanda numero: 546 tancada amb estatus5
Comanda numero: 547 tancada amb estatus5
Comanda numero: 548 tancada amb estatus5
Comanda numero: 549 tancada amb estatus5
Comanda numero: 550 tancada amb estatus5
Comanda numero: 551 tancada amb estatus5
Comanda numero: 552 tancada amb estatus5
Comanda numero: 553 tancada amb estatus5
Comanda numero: 554 tancada amb estatus5
Comanda numero: 555 tancada amb estatus5
Comanda numero: 556 tancada amb estatus5
Comanda numero: 557 tancada amb estatus5
Comanda numero: 558 tancada amb estatus5
Comanda numero: 559 tancada amb estatus5
Comanda numero: 560 tancada amb estatus5
Comanda numero: 561 tancada amb estatus5
Comanda numero: 562 tancada amb estatus5
Dia execucio Tancament comandes: 20161201_09:46:28

Tancament de comandes
Comanda numero: 563 tancada amb estatus5
Comanda numero: 564 tancada amb estatus5
Comanda numero: 565 tancada amb estatus5
Comanda numero: 566 tancada amb estatus5
Comanda numero: 567 tancada amb estatus5
Comanda numero: 568 tancada amb estatus5
Comanda numero: 569 tancada amb estatus5
Comanda numero: 570 tancada amb estatus5
Comanda numero: 571 tancada amb estatus5
Comanda numero: 572 tancada amb estatus5
Comanda numero: 573 tancada amb estatus5
Comanda numero: 574 tancada amb estatus5
Comanda numero: 575 tancada amb estatus5
Comanda numero: 576 tancada amb estatus5
Comanda numero: 577 tancada amb estatus5
Comanda numero: 578 tancada amb estatus5
Comanda numero: 579 tancada amb estatus5
Comanda numero: 580 tancada amb estatus5
Dia execucio Tancament comandes: 20161208_09:22:45

Tancament de comandes
Comanda numero: 581 tancada amb estatus5
Comanda numero: 582 tancada amb estatus5
Comanda numero: 583 tancada amb estatus5
Comanda numero: 584 tancada amb estatus5
Comanda numero: 585 tancada amb estatus5
Comanda numero: 586 tancada amb estatus5
Comanda numero: 587 tancada amb estatus5
Comanda numero: 588 tancada amb estatus5
Comanda numero: 590 tancada amb estatus8
Dia execucio Tancament comandes: 20161215_09:48:40

Tancament de comandes
Comanda numero: 591 tancada amb estatus5
Comanda numero: 592 tancada amb estatus5
Comanda numero: 593 tancada amb estatus5
Comanda numero: 594 tancada amb estatus5
Comanda numero: 595 tancada amb estatus5
Comanda numero: 596 tancada amb estatus5
Comanda numero: 597 tancada amb estatus5
Comanda numero: 598 tancada amb estatus5
Comanda numero: 599 tancada amb estatus5
Comanda numero: 600 tancada amb estatus5
Comanda numero: 601 tancada amb estatus5
Comanda numero: 602 tancada amb estatus5
Comanda numero: 603 tancada amb estatus5
Comanda numero: 604 tancada amb estatus5
Comanda numero: 606 tancada amb estatus5
Comanda numero: 607 tancada amb estatus5
Comanda numero: 608 tancada amb estatus5
Comanda numero: 609 tancada amb estatus5
Comanda numero: 605 tancada amb estatus8
Dia execucio Tancament comandes: 20161222_09:15:35

Tancament de comandes
Comanda numero: 605 tancada amb estatus5
Comanda numero: 610 tancada amb estatus5
Comanda numero: 611 tancada amb estatus5
Comanda numero: 612 tancada amb estatus5
Comanda numero: 613 tancada amb estatus5
Comanda numero: 614 tancada amb estatus5
Comanda numero: 615 tancada amb estatus5
Comanda numero: 616 tancada amb estatus5
Comanda numero: 617 tancada amb estatus5
Comanda numero: 618 tancada amb estatus5
Comanda numero: 619 tancada amb estatus5
Comanda numero: 620 tancada amb estatus5
Comanda numero: 621 tancada amb estatus5
Comanda numero: 623 tancada amb estatus5
Comanda numero: 624 tancada amb estatus5
Comanda numero: 625 tancada amb estatus5
Comanda numero: 626 tancada amb estatus5
Comanda numero: 627 tancada amb estatus5
Comanda numero: 628 tancada amb estatus5
Comanda numero: 629 tancada amb estatus5
Comanda numero: 630 tancada amb estatus5
Comanda numero: 631 tancada amb estatus8
Dia execucio Tancament comandes: 20161229_09:21:40

Tancament de comandes
Comanda numero: 622 tancada amb estatus8
Comanda numero: 632 tancada amb estatus8
Comanda numero: 633 tancada amb estatus8
Comanda numero: 634 tancada amb estatus8
Dia execucio Tancament comandes: 20170105_09:29:48

No hi ha comandes a tancar: 0 results
Dia execucio Tancament comandes: 20170112_09:31:18

No hi ha comandes a tancar: 0 results
Dia execucio Tancament comandes: 20170119_09:22:13

Tancament de comandes
Comanda numero: 622 tancada amb estatus5
Comanda numero: 631 tancada amb estatus5
Comanda numero: 634 tancada amb estatus5
Comanda numero: 646 tancada amb estatus5
Comanda numero: 647 tancada amb estatus5
Comanda numero: 648 tancada amb estatus5
Comanda numero: 649 tancada amb estatus5
Comanda numero: 650 tancada amb estatus5
Comanda numero: 651 tancada amb estatus5
Comanda numero: 652 tancada amb estatus5
Comanda numero: 653 tancada amb estatus5
Comanda numero: 654 tancada amb estatus5
Comanda numero: 655 tancada amb estatus5
Comanda numero: 656 tancada amb estatus5
Comanda numero: 657 tancada amb estatus5
Comanda numero: 658 tancada amb estatus5
Comanda numero: 659 tancada amb estatus5
Comanda numero: 660 tancada amb estatus5
Comanda numero: 661 tancada amb estatus5
Dia execucio Tancament comandes: 20170126_09:09:20

Tancament de comandes
Comanda numero: 662 tancada amb estatus5
Comanda numero: 663 tancada amb estatus5
Comanda numero: 664 tancada amb estatus5
Comanda numero: 665 tancada amb estatus5
Comanda numero: 666 tancada amb estatus5
Comanda numero: 667 tancada amb estatus5
Comanda numero: 668 tancada amb estatus5
Comanda numero: 669 tancada amb estatus5
Comanda numero: 670 tancada amb estatus5
Comanda numero: 671 tancada amb estatus5
Comanda numero: 672 tancada amb estatus5
Comanda numero: 673 tancada amb estatus5
Comanda numero: 674 tancada amb estatus5
Comanda numero: 675 tancada amb estatus5
Comanda numero: 676 tancada amb estatus5
Comanda numero: 677 tancada amb estatus5
Comanda numero: 678 tancada amb estatus5
Comanda numero: 679 tancada amb estatus5
Dia execucio Tancament comandes: 20170202_09:21:05

Tancament de comandes
Comanda numero: 680 tancada amb estatus5
Comanda numero: 681 tancada amb estatus5
Comanda numero: 682 tancada amb estatus5
Comanda numero: 683 tancada amb estatus5
Comanda numero: 684 tancada amb estatus5
Comanda numero: 685 tancada amb estatus5
Comanda numero: 686 tancada amb estatus5
Comanda numero: 687 tancada amb estatus5
Comanda numero: 688 tancada amb estatus5
Comanda numero: 689 tancada amb estatus5
Comanda numero: 690 tancada amb estatus5
Comanda numero: 691 tancada amb estatus5
Comanda numero: 692 tancada amb estatus5
Comanda numero: 693 tancada amb estatus5
Comanda numero: 694 tancada amb estatus5
Dia execucio Tancament comandes: 20170209_09:22:03

Tancament de comandes
Comanda numero: 695 tancada amb estatus5
Comanda numero: 696 tancada amb estatus5
Comanda numero: 697 tancada amb estatus5
Comanda numero: 698 tancada amb estatus5
Comanda numero: 699 tancada amb estatus5
Comanda numero: 700 tancada amb estatus5
Comanda numero: 701 tancada amb estatus5
Comanda numero: 702 tancada amb estatus5
Comanda numero: 703 tancada amb estatus5
Comanda numero: 704 tancada amb estatus5
Comanda numero: 705 tancada amb estatus5
Comanda numero: 706 tancada amb estatus5
Comanda numero: 707 tancada amb estatus5
Comanda numero: 708 tancada amb estatus5
Dia execucio Tancament comandes: 20170216_09:39:03

Tancament de comandes
Comanda numero: 709 tancada amb estatus5
Comanda numero: 710 tancada amb estatus5
Comanda numero: 711 tancada amb estatus5
Comanda numero: 712 tancada amb estatus5
Comanda numero: 713 tancada amb estatus5
Comanda numero: 714 tancada amb estatus5
Comanda numero: 715 tancada amb estatus5
Comanda numero: 716 tancada amb estatus5
Comanda numero: 717 tancada amb estatus5
Comanda numero: 718 tancada amb estatus5
Comanda numero: 719 tancada amb estatus5
Comanda numero: 720 tancada amb estatus5
Comanda numero: 721 tancada amb estatus5
Dia execucio Tancament comandes: 20170223_09:27:50

Tancament de comandes
Comanda numero: 722 tancada amb estatus5
Comanda numero: 723 tancada amb estatus5
Comanda numero: 724 tancada amb estatus5
Comanda numero: 725 tancada amb estatus5
Comanda numero: 726 tancada amb estatus5
Comanda numero: 727 tancada amb estatus5
Comanda numero: 728 tancada amb estatus5
Comanda numero: 729 tancada amb estatus5
Comanda numero: 730 tancada amb estatus5
Comanda numero: 731 tancada amb estatus5
Comanda numero: 732 tancada amb estatus5
Comanda numero: 733 tancada amb estatus5
Comanda numero: 734 tancada amb estatus5
Comanda numero: 735 tancada amb estatus5
Comanda numero: 736 tancada amb estatus5
Comanda numero: 737 tancada amb estatus5
Dia execucio Tancament comandes: 20170302_09:38:59

Tancament de comandes
Comanda numero: 738 tancada amb estatus5
Comanda numero: 739 tancada amb estatus5
Comanda numero: 740 tancada amb estatus5
Comanda numero: 741 tancada amb estatus5
Comanda numero: 742 tancada amb estatus5
Comanda numero: 743 tancada amb estatus5
Comanda numero: 744 tancada amb estatus5
Comanda numero: 745 tancada amb estatus5
Comanda numero: 746 tancada amb estatus5
Comanda numero: 747 tancada amb estatus5
Comanda numero: 748 tancada amb estatus5
Comanda numero: 749 tancada amb estatus5
Comanda numero: 750 tancada amb estatus5
Dia execucio Tancament comandes: 20170309_09:21:34

Tancament de comandes
Comanda numero: 751 tancada amb estatus5
Comanda numero: 752 tancada amb estatus5
Comanda numero: 753 tancada amb estatus5
Comanda numero: 754 tancada amb estatus5
Comanda numero: 755 tancada amb estatus5
Comanda numero: 756 tancada amb estatus5
Comanda numero: 757 tancada amb estatus5
Comanda numero: 758 tancada amb estatus5
Comanda numero: 759 tancada amb estatus5
Comanda numero: 760 tancada amb estatus5
Comanda numero: 761 tancada amb estatus5
Comanda numero: 762 tancada amb estatus5
Comanda numero: 763 tancada amb estatus5
Comanda numero: 764 tancada amb estatus5
Comanda numero: 765 tancada amb estatus5
Comanda numero: 766 tancada amb estatus5
Comanda numero: 767 tancada amb estatus5
Comanda numero: 768 tancada amb estatus5
Dia execucio Tancament comandes: 20170330_09:08:42

Tancament de comandes
Comanda numero: 797 tancada amb estatus5
Comanda numero: 799 tancada amb estatus5
Comanda numero: 800 tancada amb estatus5
Comanda numero: 801 tancada amb estatus5
Comanda numero: 802 tancada amb estatus5
Comanda numero: 803 tancada amb estatus5
Comanda numero: 804 tancada amb estatus5
Comanda numero: 805 tancada amb estatus5
Comanda numero: 806 tancada amb estatus5
Comanda numero: 807 tancada amb estatus5
Comanda numero: 808 tancada amb estatus5
Comanda numero: 809 tancada amb estatus5
Comanda numero: 810 tancada amb estatus5
Comanda numero: 811 tancada amb estatus5
Comanda numero: 812 tancada amb estatus5
Dia execucio Tancament comandes: 20170406_10:14:00

Tancament de comandes
Comanda numero: 813 tancada amb estatus5
Comanda numero: 814 tancada amb estatus5
Comanda numero: 815 tancada amb estatus5
Comanda numero: 816 tancada amb estatus5
Comanda numero: 817 tancada amb estatus5
Comanda numero: 818 tancada amb estatus5
Comanda numero: 819 tancada amb estatus5
Comanda numero: 820 tancada amb estatus5
Comanda numero: 821 tancada amb estatus5
Comanda numero: 822 tancada amb estatus5
Comanda numero: 823 tancada amb estatus5
Comanda numero: 824 tancada amb estatus5
Comanda numero: 827 tancada amb estatus5
Comanda numero: 825 tancada amb estatus8
Comanda numero: 826 tancada amb estatus8
Dia execucio Tancament comandes: 20170413_09:23:00

No hi ha comandes a tancar: 0 results
Dia execucio Tancament comandes: 20170420_09:13:47

Tancament de comandes
Comanda numero: 825 tancada amb estatus5
Comanda numero: 826 tancada amb estatus5
Comanda numero: 828 tancada amb estatus5
Comanda numero: 829 tancada amb estatus5
Comanda numero: 830 tancada amb estatus5
Comanda numero: 831 tancada amb estatus5
Comanda numero: 832 tancada amb estatus5
Comanda numero: 833 tancada amb estatus5
Comanda numero: 834 tancada amb estatus5
Comanda numero: 835 tancada amb estatus5
Comanda numero: 836 tancada amb estatus5
Comanda numero: 837 tancada amb estatus5
Comanda numero: 838 tancada amb estatus5
Comanda numero: 839 tancada amb estatus5
Comanda numero: 840 tancada amb estatus5
Comanda numero: 841 tancada amb estatus5
Comanda numero: 842 tancada amb estatus5
Comanda numero: 843 tancada amb estatus5
Comanda numero: 844 tancada amb estatus5
Comanda numero: 845 tancada amb estatus5
Dia execucio Tancament comandes: 20170427_09:53:42

Tancament de comandes
Comanda numero: 846 tancada amb estatus5
Comanda numero: 847 tancada amb estatus5
Comanda numero: 851 tancada amb estatus5
Comanda numero: 852 tancada amb estatus5
Comanda numero: 853 tancada amb estatus5
Comanda numero: 854 tancada amb estatus5
Comanda numero: 855 tancada amb estatus5
Comanda numero: 856 tancada amb estatus5
Comanda numero: 857 tancada amb estatus5
Comanda numero: 858 tancada amb estatus5
Comanda numero: 859 tancada amb estatus5
Comanda numero: 860 tancada amb estatus5
Comanda numero: 861 tancada amb estatus5
Comanda numero: 862 tancada amb estatus5
Comanda numero: 863 tancada amb estatus5
Comanda numero: 864 tancada amb estatus5
Comanda numero: 865 tancada amb estatus5
Comanda numero: 866 tancada amb estatus5
Comanda numero: 867 tancada amb estatus5
Comanda numero: 868 tancada amb estatus5
Comanda numero: 869 tancada amb estatus5
Dia execucio Tancament comandes: 20170504_09:24:42

Tancament de comandes
Comanda numero: 870 tancada amb estatus5
Comanda numero: 871 tancada amb estatus5
Comanda numero: 872 tancada amb estatus5
Comanda numero: 873 tancada amb estatus5
Comanda numero: 874 tancada amb estatus5
Comanda numero: 875 tancada amb estatus5
Comanda numero: 876 tancada amb estatus5
Comanda numero: 877 tancada amb estatus5
Comanda numero: 878 tancada amb estatus5
Comanda numero: 879 tancada amb estatus5
Comanda numero: 880 tancada amb estatus5
Comanda numero: 881 tancada amb estatus5
Comanda numero: 882 tancada amb estatus5
Comanda numero: 883 tancada amb estatus5
Comanda numero: 884 tancada amb estatus5
Comanda numero: 885 tancada amb estatus5
Comanda numero: 886 tancada amb estatus5
Comanda numero: 887 tancada amb estatus5
Comanda numero: 888 tancada amb estatus5
Comanda numero: 889 tancada amb estatus5
Comanda numero: 890 tancada amb estatus5
Comanda numero: 891 tancada amb estatus5
Dia execucio Tancament comandes: 20170511_09:44:41

Tancament de comandes
Comanda numero: 892 tancada amb estatus5
Comanda numero: 893 tancada amb estatus5
Comanda numero: 894 tancada amb estatus5
Comanda numero: 895 tancada amb estatus5
Comanda numero: 896 tancada amb estatus5
Comanda numero: 897 tancada amb estatus5
Comanda numero: 898 tancada amb estatus5
Comanda numero: 899 tancada amb estatus5
Comanda numero: 900 tancada amb estatus5
Comanda numero: 901 tancada amb estatus5
Comanda numero: 902 tancada amb estatus5
Comanda numero: 903 tancada amb estatus5
Comanda numero: 904 tancada amb estatus5
Comanda numero: 905 tancada amb estatus5
Comanda numero: 906 tancada amb estatus5
Comanda numero: 907 tancada amb estatus5
Comanda numero: 908 tancada amb estatus5
Comanda numero: 909 tancada amb estatus5
Comanda numero: 910 tancada amb estatus5
Comanda numero: 913 tancada amb estatus5
Dia execucio Tancament comandes: 20170518_09:50:39

Tancament de comandes
Comanda numero: 911 tancada amb estatus5
Comanda numero: 914 tancada amb estatus5
Comanda numero: 915 tancada amb estatus5
Comanda numero: 916 tancada amb estatus5
Comanda numero: 917 tancada amb estatus5
Comanda numero: 918 tancada amb estatus5
Comanda numero: 919 tancada amb estatus5
Comanda numero: 920 tancada amb estatus5
Comanda numero: 921 tancada amb estatus5
Comanda numero: 922 tancada amb estatus5
Comanda numero: 923 tancada amb estatus5
Comanda numero: 924 tancada amb estatus5
Comanda numero: 925 tancada amb estatus5
Comanda numero: 926 tancada amb estatus5
Comanda numero: 927 tancada amb estatus5
Comanda numero: 928 tancada amb estatus5
Comanda numero: 929 tancada amb estatus5
Comanda numero: 931 tancada amb estatus5
Comanda numero: 932 tancada amb estatus5
Comanda numero: 933 tancada amb estatus5
Dia execucio Tancament comandes: 20170525_09:10:25

Tancament de comandes
Comanda numero: 934 tancada amb estatus5
Comanda numero: 935 tancada amb estatus5
Comanda numero: 936 tancada amb estatus5
Comanda numero: 937 tancada amb estatus5
Comanda numero: 938 tancada amb estatus5
Comanda numero: 939 tancada amb estatus5
Comanda numero: 940 tancada amb estatus5
Comanda numero: 941 tancada amb estatus5
Comanda numero: 943 tancada amb estatus5
Comanda numero: 944 tancada amb estatus5
Comanda numero: 945 tancada amb estatus5
Comanda numero: 947 tancada amb estatus5
Comanda numero: 948 tancada amb estatus5
Comanda numero: 949 tancada amb estatus5
Comanda numero: 950 tancada amb estatus5
Comanda numero: 951 tancada amb estatus5
Comanda numero: 952 tancada amb estatus5
Comanda numero: 953 tancada amb estatus5
Comanda numero: 942 tancada amb estatus8
Comanda numero: 946 tancada amb estatus8
Dia execucio Tancament comandes: 20170601_09:26:25

Tancament de comandes
Comanda numero: 954 tancada amb estatus5
Comanda numero: 955 tancada amb estatus5
Comanda numero: 956 tancada amb estatus5
Comanda numero: 957 tancada amb estatus5
Comanda numero: 958 tancada amb estatus5
Comanda numero: 959 tancada amb estatus5
Comanda numero: 960 tancada amb estatus5
Comanda numero: 961 tancada amb estatus5
Comanda numero: 962 tancada amb estatus5
Comanda numero: 963 tancada amb estatus5
Comanda numero: 965 tancada amb estatus5
Comanda numero: 967 tancada amb estatus5
Comanda numero: 968 tancada amb estatus5
Comanda numero: 969 tancada amb estatus5
Comanda numero: 970 tancada amb estatus5
Comanda numero: 971 tancada amb estatus5
Comanda numero: 973 tancada amb estatus5
Comanda numero: 974 tancada amb estatus5
Comanda numero: 975 tancada amb estatus5
Comanda numero: 976 tancada amb estatus5
Comanda numero: 977 tancada amb estatus5
Comanda numero: 978 tancada amb estatus5
Comanda numero: 966 tancada amb estatus8
Dia execucio Tancament comandes: 20170608_09:55:40

Tancament de comandes
Comanda numero: 979 tancada amb estatus5
Comanda numero: 980 tancada amb estatus5
Comanda numero: 981 tancada amb estatus5
Comanda numero: 982 tancada amb estatus5
Comanda numero: 983 tancada amb estatus5
Comanda numero: 984 tancada amb estatus5
Comanda numero: 985 tancada amb estatus5
Comanda numero: 986 tancada amb estatus5
Comanda numero: 987 tancada amb estatus5
Comanda numero: 988 tancada amb estatus5
Comanda numero: 989 tancada amb estatus5
Comanda numero: 990 tancada amb estatus5
Comanda numero: 991 tancada amb estatus5
Comanda numero: 992 tancada amb estatus5
Comanda numero: 993 tancada amb estatus5
Comanda numero: 994 tancada amb estatus5
Comanda numero: 995 tancada amb estatus5
Comanda numero: 997 tancada amb estatus5
Comanda numero: 996 tancada amb estatus8
Dia execucio Tancament comandes: 20170615_09:51:31

Tancament de comandes
Comanda numero: 996 tancada amb estatus5
Comanda numero: 998 tancada amb estatus5
Comanda numero: 999 tancada amb estatus5
Comanda numero: 1000 tancada amb estatus5
Comanda numero: 1001 tancada amb estatus5
Comanda numero: 1002 tancada amb estatus5
Comanda numero: 1003 tancada amb estatus5
Comanda numero: 1004 tancada amb estatus5
Comanda numero: 1005 tancada amb estatus5
Comanda numero: 1006 tancada amb estatus5
Comanda numero: 1007 tancada amb estatus5
Comanda numero: 1008 tancada amb estatus5
Comanda numero: 1009 tancada amb estatus5
Comanda numero: 1010 tancada amb estatus5
Comanda numero: 1011 tancada amb estatus5
Comanda numero: 1012 tancada amb estatus5
Comanda numero: 1013 tancada amb estatus5
Comanda numero: 1014 tancada amb estatus5
Comanda numero: 1015 tancada amb estatus5
Comanda numero: 1016 tancada amb estatus5
Comanda numero: 1017 tancada amb estatus5
Dia execucio Tancament comandes: 20170622_09:50:26

Tancament de comandes
Comanda numero: 1018 tancada amb estatus5
Comanda numero: 1019 tancada amb estatus5
Comanda numero: 1020 tancada amb estatus5
Comanda numero: 1021 tancada amb estatus5
Comanda numero: 1022 tancada amb estatus5
Comanda numero: 1023 tancada amb estatus5
Comanda numero: 1024 tancada amb estatus5
Comanda numero: 1025 tancada amb estatus5
Comanda numero: 1026 tancada amb estatus5
Comanda numero: 1027 tancada amb estatus5
Comanda numero: 1028 tancada amb estatus5
Comanda numero: 1029 tancada amb estatus5
Comanda numero: 1031 tancada amb estatus5
Comanda numero: 1032 tancada amb estatus5
Comanda numero: 1033 tancada amb estatus5
Comanda numero: 1034 tancada amb estatus5
Comanda numero: 1035 tancada amb estatus5
Comanda numero: 1030 tancada amb estatus8
Dia execucio Tancament comandes: 20170629_09:27:19

Tancament de comandes
Comanda numero: 1030 tancada amb estatus5
Comanda numero: 1036 tancada amb estatus5
Comanda numero: 1037 tancada amb estatus5
Comanda numero: 1038 tancada amb estatus5
Comanda numero: 1039 tancada amb estatus5
Comanda numero: 1040 tancada amb estatus5
Comanda numero: 1041 tancada amb estatus5
Comanda numero: 1042 tancada amb estatus5
Comanda numero: 1043 tancada amb estatus5
Comanda numero: 1044 tancada amb estatus5
Comanda numero: 1045 tancada amb estatus5
Comanda numero: 1046 tancada amb estatus5
Comanda numero: 1047 tancada amb estatus5
Comanda numero: 1048 tancada amb estatus5
Comanda numero: 1049 tancada amb estatus5
Comanda numero: 1050 tancada amb estatus5
Comanda numero: 1051 tancada amb estatus5
Comanda numero: 1052 tancada amb estatus5
Dia execucio Tancament comandes: 20170706_09:16:27

Tancament de comandes
Comanda numero: 1053 tancada amb estatus5
Comanda numero: 1054 tancada amb estatus5
Comanda numero: 1055 tancada amb estatus5
Comanda numero: 1056 tancada amb estatus5
Comanda numero: 1057 tancada amb estatus5
Comanda numero: 1058 tancada amb estatus5
Comanda numero: 1060 tancada amb estatus5
Comanda numero: 1061 tancada amb estatus5
Comanda numero: 1062 tancada amb estatus5
Comanda numero: 1063 tancada amb estatus5
Comanda numero: 1064 tancada amb estatus5
Comanda numero: 1065 tancada amb estatus5
Comanda numero: 1067 tancada amb estatus5
Comanda numero: 1068 tancada amb estatus5
Comanda numero: 1069 tancada amb estatus5
Dia execucio Tancament comandes: 20170713_09:29:45

Tancament de comandes
Comanda numero: 1070 tancada amb estatus5
Comanda numero: 1071 tancada amb estatus5
Comanda numero: 1072 tancada amb estatus5
Comanda numero: 1073 tancada amb estatus5
Comanda numero: 1074 tancada amb estatus5
Comanda numero: 1075 tancada amb estatus5
Comanda numero: 1076 tancada amb estatus5
Comanda numero: 1078 tancada amb estatus5
Comanda numero: 1079 tancada amb estatus5
Comanda numero: 1080 tancada amb estatus5
Comanda numero: 1081 tancada amb estatus5
Comanda numero: 1082 tancada amb estatus5
Comanda numero: 1083 tancada amb estatus5
Comanda numero: 1077 tancada amb estatus8
Dia execucio Tancament comandes: 20170720_09:53:05

Tancament de comandes
Comanda numero: 1084 tancada amb estatus5
Comanda numero: 1085 tancada amb estatus5
Comanda numero: 1086 tancada amb estatus5
Comanda numero: 1087 tancada amb estatus5
Comanda numero: 1089 tancada amb estatus5
Comanda numero: 1090 tancada amb estatus5
Comanda numero: 1091 tancada amb estatus5
Comanda numero: 1092 tancada amb estatus5
Comanda numero: 1093 tancada amb estatus5
Comanda numero: 1094 tancada amb estatus5
Comanda numero: 1095 tancada amb estatus5
Comanda numero: 1096 tancada amb estatus5
Comanda numero: 1097 tancada amb estatus5
Dia execucio Tancament comandes: 20170727_09:48:39

Tancament de comandes
Comanda numero: 1097 tancada amb estatus5
Comanda numero: 1098 tancada amb estatus5
Comanda numero: 1099 tancada amb estatus5
Comanda numero: 1100 tancada amb estatus5
Comanda numero: 1101 tancada amb estatus5
Comanda numero: 1102 tancada amb estatus5
Comanda numero: 1103 tancada amb estatus5
Comanda numero: 1104 tancada amb estatus5
Comanda numero: 1105 tancada amb estatus5
Dia execucio Tancament comandes: 20170803_09:35:14

No hi ha comandes a tancar: 0 results
Dia execucio Tancament comandes: 20170810_09:54:25

No hi ha comandes a tancar: 0 results
Dia execucio Tancament comandes: 20170817_09:11:59

No hi ha comandes a tancar: 0 results
Dia execucio Tancament comandes: 20170824_09:48:42

No hi ha comandes a tancar: 0 results
Dia execucio Tancament comandes: 20170831_09:52:32

No hi ha comandes a tancar: 0 results
Dia execucio Tancament comandes: 20170907_09:18:48

Tancament de comandes
Comanda numero: 1106 tancada amb estatus5
Comanda numero: 1107 tancada amb estatus5
Comanda numero: 1108 tancada amb estatus5
Comanda numero: 1109 tancada amb estatus5
Comanda numero: 1110 tancada amb estatus5
Comanda numero: 1111 tancada amb estatus5
Comanda numero: 1112 tancada amb estatus5
Comanda numero: 1113 tancada amb estatus5
Comanda numero: 1114 tancada amb estatus5
Comanda numero: 1115 tancada amb estatus5
Comanda numero: 1116 tancada amb estatus5
Comanda numero: 1117 tancada amb estatus5
Comanda numero: 1118 tancada amb estatus5
Comanda numero: 1119 tancada amb estatus5
Dia execucio Tancament comandes: 20170914_09:27:59

Tancament de comandes
Comanda numero: 1121 tancada amb estatus5
Comanda numero: 1122 tancada amb estatus5
Comanda numero: 1123 tancada amb estatus5
Comanda numero: 1124 tancada amb estatus5
Comanda numero: 1125 tancada amb estatus5
Comanda numero: 1126 tancada amb estatus5
Comanda numero: 1127 tancada amb estatus5
Comanda numero: 1128 tancada amb estatus5
Comanda numero: 1129 tancada amb estatus5
Comanda numero: 1130 tancada amb estatus5
Comanda numero: 1131 tancada amb estatus5
Comanda numero: 1132 tancada amb estatus5
Comanda numero: 1133 tancada amb estatus5
Comanda numero: 1134 tancada amb estatus5
Comanda numero: 1135 tancada amb estatus5
Comanda numero: 1137 tancada amb estatus5
Dia execucio Tancament comandes: 20170921_09:21:11

Tancament de comandes
Comanda numero: 1136 tancada amb estatus5
Comanda numero: 1138 tancada amb estatus5
Comanda numero: 1139 tancada amb estatus5
Comanda numero: 1140 tancada amb estatus5
Comanda numero: 1141 tancada amb estatus5
Comanda numero: 1142 tancada amb estatus5
Comanda numero: 1144 tancada amb estatus5
Comanda numero: 1145 tancada amb estatus5
Comanda numero: 1146 tancada amb estatus5
Comanda numero: 1147 tancada amb estatus5
Comanda numero: 1148 tancada amb estatus5
Comanda numero: 1155 tancada amb estatus5
Comanda numero: 1143 tancada amb estatus8
Comanda numero: 1149 tancada amb estatus8
Comanda numero: 1150 tancada amb estatus8
Comanda numero: 1151 tancada amb estatus8
Comanda numero: 1152 tancada amb estatus8
Comanda numero: 1153 tancada amb estatus8
Comanda numero: 1154 tancada amb estatus8
